TN:
SF:src/app.ts
FNF:0
FNH:0
DA:7,1
DA:8,1
DA:9,1
DA:11,1
DA:12,1
LF:5
LH:5
BRF:0
BRH:0
end_of_record
TN:
SF:src/database.ts
FNF:0
FNH:0
DA:3,2
DA:4,2
LF:2
LH:2
BRF:0
BRH:0
end_of_record
TN:
SF:src/controllers/recommendationController.ts
FN:6,insert
FN:17,upvote
FN:25,downvote
FN:33,random
FN:39,get
FN:44,getTop
FN:51,getById
FNF:7
FNH:6
FNDA:2,insert
FNDA:1,upvote
FNDA:2,downvote
FNDA:1,random
FNDA:1,get
FNDA:0,getTop
FNDA:2,getById
DA:7,2
DA:8,2
DA:9,1
DA:12,1
DA:14,1
DA:18,1
DA:20,1
DA:22,1
DA:26,2
DA:28,2
DA:30,2
DA:34,1
DA:36,1
DA:40,1
DA:41,1
DA:45,0
DA:47,0
DA:48,0
DA:52,2
DA:54,2
DA:55,2
DA:58,1
LF:22
LH:19
BRDA:8,0,0,1
BRF:1
BRH:1
end_of_record
TN:
SF:src/middlewares/errorHandlerMiddleware.ts
FN:8,errorHandlerMiddleware
FNF:1
FNH:1
FNDA:1,errorHandlerMiddleware
DA:14,1
DA:16,1
DA:17,1
DA:20,0
LF:4
LH:3
BRDA:16,0,0,1
BRF:1
BRH:1
end_of_record
TN:
SF:src/repositories/recommendationRepository.ts
FN:5,create
FN:16,findAll
FN:26,getAmountByScore
FN:33,getFindAllFilter
FN:45,find
FN:51,findByName
FN:57,updateScore
FN:66,remove
FNF:8
FNH:7
FNDA:1,create
FNDA:2,findAll
FNDA:0,getAmountByScore
FNDA:2,getFindAllFilter
FNDA:5,find
FNDA:1,findByName
FNDA:3,updateScore
FNDA:1,remove
DA:6,1
DA:17,2
DA:19,2
DA:27,0
DA:36,2
DA:38,1
DA:40,1
DA:46,5
DA:52,1
DA:58,3
DA:67,1
DA:72,2
LF:12
LH:11
BRDA:36,0,0,1
BRF:1
BRH:1
end_of_record
TN:
SF:src/routers/recommendationRouter.ts
FNF:0
FNH:0
DA:4,1
DA:6,1
DA:7,1
DA:8,1
DA:9,1
DA:10,1
DA:11,1
DA:12,1
LF:8
LH:8
BRF:0
BRH:0
end_of_record
TN:
SF:src/schemas/recommendationsSchemas.ts
FNF:0
FNH:0
DA:4,1
DA:6,1
LF:2
LH:2
BRF:0
BRH:0
end_of_record
TN:
SF:src/services/recommendationsService.ts
FN:7,insert
FN:17,upvote
FN:23,downvote
FN:36,getByIdOrFail
FN:43,get
FN:47,getTop
FN:51,getRandom
FN:64,getByScore
FN:77,getScoreFilter
FNF:9
FNH:8
FNDA:2,insert
FNDA:2,upvote
FNDA:4,downvote
FNDA:9,getByIdOrFail
FNDA:1,get
FNDA:0,getTop
FNDA:2,getRandom
FNDA:2,getByScore
FNDA:2,getScoreFilter
DA:8,2
DA:11,2
DA:12,1
DA:14,1
DA:18,2
DA:20,1
DA:24,4
DA:26,3
DA:31,3
DA:32,2
DA:37,9
DA:38,9
DA:40,6
DA:44,1
DA:48,0
DA:52,2
DA:53,2
DA:55,2
DA:56,2
DA:57,1
DA:60,1
DA:61,1
DA:65,2
DA:70,2
DA:71,1
DA:74,1
DA:78,2
DA:79,1
DA:82,1
DA:85,2
LF:30
LH:29
BRDA:11,0,0,1
BRDA:31,1,0,2
BRDA:38,2,0,3
BRDA:56,3,0,1
BRDA:70,4,0,1
BRDA:78,5,0,1
BRF:6
BRH:6
end_of_record
TN:
SF:src/utils/errorUtils.ts
FN:7,isAppError
FN:11,errorTypeToStatusCode
FN:19,conflictError
FN:23,notFoundError
FN:27,unauthorizedError
FN:31,wrongSchemaError
FNF:6
FNH:5
FNDA:1,isAppError
FNDA:1,errorTypeToStatusCode
FNDA:2,conflictError
FNDA:8,notFoundError
FNDA:0,unauthorizedError
FNDA:1,wrongSchemaError
DA:8,1
DA:12,1
DA:13,1
DA:14,1
DA:15,1
DA:16,0
DA:20,2
DA:24,8
DA:28,0
DA:32,1
LF:10
LH:8
BRDA:12,0,0,0
BRDA:13,1,0,0
BRDA:14,2,0,0
BRDA:15,3,0,1
BRDA:20,4,0,2
BRDA:20,4,1,0
BRDA:20,5,0,2
BRDA:20,5,1,2
BRDA:24,6,0,0
BRDA:24,6,1,8
BRDA:24,7,0,8
BRDA:24,7,1,8
BRDA:28,8,0,0
BRDA:28,8,1,0
BRDA:28,9,0,0
BRDA:28,9,1,0
BRDA:32,10,0,0
BRDA:32,10,1,1
BRDA:32,11,0,1
BRDA:32,11,1,1
BRF:20
BRH:10
end_of_record
TN:
SF:tests/factories/createFunctions.ts
FN:3,toChangeScore
FN:14,badScore
FN:26,multipleEntries
FNF:3
FNH:3
FNDA:2,toChangeScore
FNDA:1,badScore
FNDA:2,multipleEntries
DA:4,2
DA:15,1
DA:27,2
LF:3
LH:3
BRF:0
BRH:0
end_of_record
