TN:
SF:src/app.ts
FNF:0
FNH:0
DA:7,1
DA:8,1
DA:9,1
DA:11,1
DA:12,1
LF:5
LH:5
BRF:0
BRH:0
end_of_record
TN:
SF:src/database.ts
FNF:0
FNH:0
DA:3,1
DA:4,1
LF:2
LH:2
BRF:0
BRH:0
end_of_record
TN:
SF:src/controllers/recommendationController.ts
FN:6,insert
FN:17,upvote
FN:25,downvote
FN:33,random
FN:39,get
FN:44,getTop
FN:51,getById
FNF:7
FNH:3
FNDA:2,insert
FNDA:1,upvote
FNDA:1,downvote
FNDA:0,random
FNDA:0,get
FNDA:0,getTop
FNDA:0,getById
DA:7,2
DA:8,2
DA:9,1
DA:12,1
DA:14,1
DA:18,1
DA:20,1
DA:22,1
DA:26,1
DA:28,1
DA:30,1
DA:34,0
DA:36,0
DA:40,0
DA:41,0
DA:45,0
DA:47,0
DA:48,0
DA:52,0
DA:54,0
DA:55,0
DA:58,1
LF:22
LH:12
BRDA:8,0,0,1
BRF:1
BRH:1
end_of_record
TN:
SF:src/middlewares/errorHandlerMiddleware.ts
FN:8,errorHandlerMiddleware
FNF:1
FNH:1
FNDA:1,errorHandlerMiddleware
DA:14,1
DA:16,1
DA:17,1
DA:20,0
LF:4
LH:3
BRDA:16,0,0,1
BRF:1
BRH:1
end_of_record
TN:
SF:src/repositories/recommendationRepository.ts
FN:5,create
FN:16,findAll
FN:26,getAmountByScore
FN:33,getFindAllFilter
FN:45,find
FN:51,findByName
FN:57,updateScore
FN:66,remove
FNF:8
FNH:4
FNDA:1,create
FNDA:0,findAll
FNDA:0,getAmountByScore
FNDA:0,getFindAllFilter
FNDA:2,find
FNDA:1,findByName
FNDA:2,updateScore
FNDA:0,remove
DA:6,1
DA:17,0
DA:19,0
DA:27,0
DA:36,0
DA:38,0
DA:40,0
DA:46,2
DA:52,1
DA:58,2
DA:67,0
DA:72,1
LF:12
LH:5
BRDA:36,0,0,0
BRF:1
BRH:0
end_of_record
TN:
SF:src/routers/recommendationRouter.ts
FNF:0
FNH:0
DA:4,1
DA:6,1
DA:7,1
DA:8,1
DA:9,1
DA:10,1
DA:11,1
DA:12,1
LF:8
LH:8
BRF:0
BRH:0
end_of_record
TN:
SF:src/schemas/recommendationsSchemas.ts
FNF:0
FNH:0
DA:4,1
DA:6,1
LF:2
LH:2
BRF:0
BRH:0
end_of_record
TN:
SF:src/services/recommendationsService.ts
FN:7,insert
FN:17,upvote
FN:23,downvote
FN:36,getByIdOrFail
FN:43,get
FN:47,getTop
FN:51,getRandom
FN:64,getByScore
FN:77,getScoreFilter
FNF:9
FNH:4
FNDA:1,insert
FNDA:1,upvote
FNDA:1,downvote
FNDA:2,getByIdOrFail
FNDA:0,get
FNDA:0,getTop
FNDA:0,getRandom
FNDA:0,getByScore
FNDA:0,getScoreFilter
DA:8,1
DA:11,1
DA:12,0
DA:14,1
DA:18,1
DA:20,1
DA:24,1
DA:26,1
DA:31,1
DA:32,0
DA:37,2
DA:38,2
DA:40,2
DA:44,0
DA:48,0
DA:52,0
DA:53,0
DA:55,0
DA:56,0
DA:57,0
DA:60,0
DA:61,0
DA:65,0
DA:70,0
DA:71,0
DA:74,0
DA:78,0
DA:79,0
DA:82,0
DA:85,1
LF:30
LH:12
BRDA:11,0,0,0
BRDA:31,1,0,0
BRDA:38,2,0,0
BRDA:56,3,0,0
BRDA:70,4,0,0
BRDA:78,5,0,0
BRF:6
BRH:0
end_of_record
TN:
SF:src/utils/errorUtils.ts
FN:7,isAppError
FN:11,errorTypeToStatusCode
FN:19,conflictError
FN:23,notFoundError
FN:27,unauthorizedError
FN:31,wrongSchemaError
FNF:6
FNH:3
FNDA:1,isAppError
FNDA:1,errorTypeToStatusCode
FNDA:0,conflictError
FNDA:0,notFoundError
FNDA:0,unauthorizedError
FNDA:1,wrongSchemaError
DA:8,1
DA:12,1
DA:13,1
DA:14,1
DA:15,1
DA:16,0
DA:20,0
DA:24,0
DA:28,0
DA:32,1
LF:10
LH:6
BRDA:12,0,0,0
BRDA:13,1,0,0
BRDA:14,2,0,0
BRDA:15,3,0,1
BRDA:20,4,0,0
BRDA:20,4,1,0
BRDA:20,5,0,0
BRDA:20,5,1,0
BRDA:24,6,0,0
BRDA:24,6,1,0
BRDA:24,7,0,0
BRDA:24,7,1,0
BRDA:28,8,0,0
BRDA:28,8,1,0
BRDA:28,9,0,0
BRDA:28,9,1,0
BRDA:32,10,0,0
BRDA:32,10,1,1
BRDA:32,11,0,1
BRDA:32,11,1,1
BRF:20
BRH:4
end_of_record
TN:
SF:tests/factories/createFunctions.ts
FN:3,toChangeScore
FNF:1
FNH:1
FNDA:2,toChangeScore
DA:4,2
LF:1
LH:1
BRF:0
BRH:0
end_of_record
